<?xml version="1.0" encoding="UTF-8"?>
<!-- Generated by org.testng.reporters.JUnitReportReporter -->
<testsuite hostname="REM-TNUZUM" failures="0" tests="4" name="frontDeskTests.ChangePassword" time="66.393" errors="0" timestamp="2020-08-07T18:00:51 EDT" skipped="1">
  <testcase classname="frontDeskTests.ChangePassword" name="launchChangePassword" time="18.956"/>
  <system-out/>
  <testcase classname="frontDeskTests.ChangePassword" name="validatePageObjects" time="15.939"/>
  <system-out/>
  <testcase classname="frontDeskTests.ChangePassword" name="cancelChange" time="31.498"/>
  <system-out/>
  <testcase classname="frontDeskTests.ChangePassword" name="changePassword">
    <skipped/>
  </testcase> <!-- changePassword -->
  <system-out/>
</testsuite> <!-- frontDeskTests.ChangePassword -->
