<?xml version="1.0" encoding="UTF-8"?>
<!-- Generated by org.testng.reporters.JUnitReportReporter -->
<testsuite hostname="REM-TNUZUM" failures="0" tests="3" name="frontDeskTests.Bookings" time="16.134" errors="0" timestamp="2020-08-07T18:00:51 EDT" skipped="0">
  <testcase classname="frontDeskTests.Bookings" name="validatePageObjects" time="5.006"/>
  <system-out/>
  <testcase classname="frontDeskTests.Bookings" name="showCalendar" time="8.053"/>
  <system-out/>
  <testcase classname="frontDeskTests.Bookings" name="bookView" time="3.075"/>
  <system-out/>
</testsuite> <!-- frontDeskTests.Bookings -->
