<?xml version="1.0" encoding="UTF-8"?>
<!-- Generated by org.testng.reporters.JUnitReportReporter -->
<testsuite hostname="REM-TNUZUM" failures="0" tests="5" name="frontDeskTests.Login" time="70.814" errors="0" timestamp="2020-08-07T18:00:51 EDT" skipped="0">
  <testcase classname="frontDeskTests.Login" name="validatePageObjects" time="6.685"/>
  <system-out/>
  <testcase classname="frontDeskTests.Login" name="validateInputRequiredErrorMessage" time="4.067"/>
  <system-out/>
  <testcase classname="frontDeskTests.Login" name="validateInputInvalidErrorMessage" time="8.973"/>
  <system-out/>
  <testcase classname="frontDeskTests.Login" name="validateCancelLogin" time="2.907"/>
  <system-out/>
  <testcase classname="frontDeskTests.Login" name="validateSuccessfulLogin" time="48.182"/>
  <system-out/>
</testsuite> <!-- frontDeskTests.Login -->
