<?xml version="1.0" encoding="UTF-8"?>
<!-- Generated by org.testng.reporters.JUnitReportReporter -->
<testsuite hostname="REM-TNUZUM" failures="0" tests="5" name="frontDeskTests.PointOfSale" time="98.189" errors="0" timestamp="2020-08-07T18:00:51 EDT" skipped="0">
  <testcase classname="frontDeskTests.PointOfSale" name="validatePageObjects" time="26.392"/>
  <system-out/>
  <testcase classname="frontDeskTests.PointOfSale" name="clearMember" time="10.944"/>
  <system-out/>
  <testcase classname="frontDeskTests.PointOfSale" name="purchaseWithCash" time="18.019"/>
  <system-out/>
  <testcase classname="frontDeskTests.PointOfSale" name="purchaseWithCreditCard" time="27.319"/>
  <system-out/>
  <testcase classname="frontDeskTests.PointOfSale" name="takePayment" time="15.515"/>
  <system-out/>
</testsuite> <!-- frontDeskTests.PointOfSale -->
