<?xml version="1.0" encoding="UTF-8"?>
<!-- Generated by org.testng.reporters.JUnitReportReporter -->
<testsuite hostname="REM-TNUZUM" failures="0" tests="1" name="frontDeskTests.AboutCompete" time="35.835" errors="0" timestamp="2020-08-07T18:00:51 EDT" skipped="0">
  <testcase classname="frontDeskTests.AboutCompete" name="CompeteAboutView" time="35.835"/>
  <system-out/>
</testsuite> <!-- frontDeskTests.AboutCompete -->
