<?xml version="1.0" encoding="UTF-8"?>
<!-- Generated by org.testng.reporters.JUnitReportReporter -->
<testsuite hostname="COL-BKALLE" failures="0" tests="15" name="pageLayoutTests.MemberInfoLayoutAndNavigationTest" time="85.863" errors="0" timestamp="2021-07-16T14:48:27 EDT" skipped="1">
  <testcase classname="pageLayoutTests.MemberInfoLayoutAndNavigationTest" name="validatePageObjects" time="8.775"/>
  <system-out/>
  <testcase classname="pageLayoutTests.MemberInfoLayoutAndNavigationTest" name="navigateToAccountStatus" time="5.489"/>
  <system-out/>
  <testcase classname="pageLayoutTests.MemberInfoLayoutAndNavigationTest" name="navigateToCheckInHistory" time="4.059"/>
  <system-out/>
  <testcase classname="pageLayoutTests.MemberInfoLayoutAndNavigationTest" name="navigateToPersonalTraining" time="4.088"/>
  <system-out/>
  <testcase classname="pageLayoutTests.MemberInfoLayoutAndNavigationTest" name="navigateToBillingRelationship" time="4.205"/>
  <system-out/>
  <testcase classname="pageLayoutTests.MemberInfoLayoutAndNavigationTest" name="navigateToClass" time="4.053"/>
  <system-out/>
  <testcase classname="pageLayoutTests.MemberInfoLayoutAndNavigationTest" name="navigateToAppointments" time="4.100"/>
  <system-out/>
  <testcase classname="pageLayoutTests.MemberInfoLayoutAndNavigationTest" name="navigateToAgreements" time="15.465"/>
  <system-out/>
  <testcase classname="pageLayoutTests.MemberInfoLayoutAndNavigationTest" name="navigateToFamilyMember" time="4.244"/>
  <system-out/>
  <testcase classname="pageLayoutTests.MemberInfoLayoutAndNavigationTest" name="navigateToActionItems" time="3.992"/>
  <system-out/>
  <testcase classname="pageLayoutTests.MemberInfoLayoutAndNavigationTest" name="navigateToManageDocuments" time="3.989"/>
  <system-out/>
  <testcase classname="pageLayoutTests.MemberInfoLayoutAndNavigationTest" name="navigateToChangeRequestHistory" time="3.992"/>
  <system-out/>
  <testcase classname="pageLayoutTests.MemberInfoLayoutAndNavigationTest" name="navigateToeWaivers" time="5.463"/>
  <system-out/>
  <testcase classname="pageLayoutTests.MemberInfoLayoutAndNavigationTest" name="accessMemberInfoFromMore" time="13.949"/>
  <system-out/>
  <testcase classname="pageLayoutTests.MemberInfoLayoutAndNavigationTest" name="navigateToMemberNotes">
    <skipped/>
  </testcase> <!-- navigateToMemberNotes -->
  <system-out/>
</testsuite> <!-- pageLayoutTests.MemberInfoLayoutAndNavigationTest -->
