<?xml version="1.0" encoding="UTF-8"?>
<!-- Generated by org.testng.reporters.JUnitReportReporter -->
<testsuite hostname="REM-TNUZUM" failures="0" tests="4" name="frontDeskTests.MemberMgmt" time="15.012" errors="0" timestamp="2020-08-07T18:00:51 EDT" skipped="0">
  <testcase classname="frontDeskTests.MemberMgmt" name="validatePageObjects" time="0.849"/>
  <system-out/>
  <testcase classname="frontDeskTests.MemberMgmt" name="searchMember" time="4.290"/>
  <system-out/>
  <testcase classname="frontDeskTests.MemberMgmt" name="clearMember" time="1.029"/>
  <system-out/>
  <testcase classname="frontDeskTests.MemberMgmt" name="memberInfo" time="8.844"/>
  <system-out/>
</testsuite> <!-- frontDeskTests.MemberMgmt -->
