<?xml version="1.0" encoding="UTF-8"?>
<!-- Generated by org.testng.reporters.JUnitReportReporter -->
<testsuite hostname="REM-TNUZUM" failures="0" tests="2" name="frontDeskTests.ClassEnrollment" time="7.145" errors="0" timestamp="2020-08-07T18:00:51 EDT" skipped="0">
  <testcase classname="frontDeskTests.ClassEnrollment" name="validatePageObjects" time="6.835"/>
  <system-out/>
  <testcase classname="frontDeskTests.ClassEnrollment" name="closeWindow" time="0.310"/>
  <system-out/>
</testsuite> <!-- frontDeskTests.ClassEnrollment -->
