<?xml version="1.0" encoding="UTF-8"?>
<!-- Generated by org.testng.reporters.JUnitReportReporter -->
<testsuite hostname="REM-TNUZUM" failures="0" tests="1" name="winAppDriverResearch.LoginEmployee" time="23.257" errors="0" timestamp="2020-06-11T17:06:43 EDT" skipped="0">
  <testcase classname="winAppDriverResearch.LoginEmployee" name="LoginEmployee1" time="23.257"/>
  <system-out/>
</testsuite> <!-- winAppDriverResearch.LoginEmployee -->
