<?xml version="1.0" encoding="UTF-8"?>
<!-- Generated by org.testng.reporters.JUnitReportReporter -->
<testsuite hostname="REM-TNUZUM" failures="0" tests="5" name="frontDeskTests.CheckIn" time="34.640" errors="0" timestamp="2020-08-07T18:00:51 EDT" skipped="0">
  <testcase classname="frontDeskTests.CheckIn" name="validatePageObjects" time="1.650"/>
  <system-out/>
  <testcase classname="frontDeskTests.CheckIn" name="memberCheckIn" time="9.772"/>
  <system-out/>
  <testcase classname="frontDeskTests.CheckIn" name="familyCheckIn" time="7.487"/>
  <system-out/>
  <testcase classname="frontDeskTests.CheckIn" name="clearMember" time="5.970"/>
  <system-out/>
  <testcase classname="frontDeskTests.CheckIn" name="memberInfo" time="9.761"/>
  <system-out/>
</testsuite> <!-- frontDeskTests.CheckIn -->
