<?xml version="1.0" encoding="UTF-8"?>
<!-- Generated by org.testng.reporters.JUnitReportReporter -->
<testsuite hostname="REM-TNUZUM" failures="0" tests="3" name="frontDeskTests.Reports" time="6.690" errors="0" timestamp="2020-08-07T18:00:51 EDT" skipped="2">
  <testcase classname="frontDeskTests.Reports" name="validatePageObjects" time="6.690"/>
  <system-out/>
  <testcase classname="frontDeskTests.Reports" name="validateReportHeaders">
    <skipped/>
  </testcase> <!-- validateReportHeaders -->
  <system-out/>
  <testcase classname="frontDeskTests.Reports" name="accountingCancelledPaymentsByDate">
    <skipped/>
  </testcase> <!-- accountingCancelledPaymentsByDate -->
  <system-out/>
</testsuite> <!-- frontDeskTests.Reports -->
